<?xml version="1.0" encoding="UTF-8"?>
<!-- Generated by org.testng.reporters.JUnitXMLReporter -->
<testsuite ignored="1" hostname="Faruq" failures="0" tests="2" name="Functional Test" time="10.95" errors="0" timestamp="2024-09-15T12:28:33 EDT">
  <testcase classname="com.facebook_tests.LoginTest" name="invalidUserNameLoginTest" time="0.415"/>
  <testcase classname="com.facebook_tests.LoginTest" name="validLoginTest" time="0.381"/>
  <testcase classname="com.facebook_tests.LoginTest" name="invalidPasswordLoginTest" time="0.0">
    <ignored/>
  </testcase> <!-- invalidPasswordLoginTest -->
</testsuite> <!-- Functional Test -->
