<?xml version="1.0" encoding="UTF-8"?>
<!-- Generated by org.testng.reporters.JUnitXMLReporter -->
<testsuite ignored="2" hostname="Faruq" failures="0" tests="1" name="Default test" time="4.528" errors="0" timestamp="2024-09-15T12:44:57 EDT">
  <testcase classname="com.facebook_tests.LoginTest" name="validLoginTest" time="0.514"/>
  <testcase classname="com.facebook_tests.LoginTest" name="invalidUserNameLoginTest" time="0.0">
    <ignored/>
  </testcase> <!-- invalidUserNameLoginTest -->
  <testcase classname="com.facebook_tests.LoginTest" name="invalidPasswordLoginTest" time="0.0">
    <ignored/>
  </testcase> <!-- invalidPasswordLoginTest -->
</testsuite> <!-- Default test -->
