<?xml version="1.0" encoding="UTF-8"?>
<!-- Generated by org.testng.reporters.JUnitXMLReporter -->
<testsuite ignored="1" hostname="Faruq" failures="0" tests="2" name="Regression Test" time="9.156" errors="0" timestamp="2024-09-15T12:33:23 EDT">
  <testcase classname="com.facebook_tests.LoginTest" name="invalidPasswordLoginTest" time="0.684"/>
  <testcase classname="com.facebook_tests.LoginTest" name="validLoginTest" time="0.418"/>
  <testcase classname="com.facebook_tests.LoginTest" name="invalidUserNameLoginTest" time="0.0">
    <ignored/>
  </testcase> <!-- invalidUserNameLoginTest -->
</testsuite> <!-- Regression Test -->
