<?xml version="1.0" encoding="UTF-8"?>
<testng-results ignored="2" total="3" passed="1" failed="0" skipped="0">
  <reporter-output>
  </reporter-output>
  <suite started-at="2024-09-15T12:44:53 EDT" name="Default suite" finished-at="2024-09-15T12:44:57 EDT" duration-ms="4528">
    <groups>
      <group name="functional">
        <method signature="LoginTest.validLoginTest()[pri:0, instance:com.facebook_tests.LoginTest@6379eb]" name="validLoginTest" class="com.facebook_tests.LoginTest"/>
      </group> <!-- functional -->
      <group name="regression">
        <method signature="LoginTest.validLoginTest()[pri:0, instance:com.facebook_tests.LoginTest@6379eb]" name="validLoginTest" class="com.facebook_tests.LoginTest"/>
      </group> <!-- regression -->
      <group name="smoke">
        <method signature="LoginTest.validLoginTest()[pri:0, instance:com.facebook_tests.LoginTest@6379eb]" name="validLoginTest" class="com.facebook_tests.LoginTest"/>
      </group> <!-- smoke -->
    </groups>
    <test started-at="2024-09-15T12:44:53 EDT" name="Default test" finished-at="2024-09-15T12:44:57 EDT" duration-ms="4528">
      <class name="com.facebook_tests.LoginTest">
        <test-method is-config="true" signature="openFacebook()[pri:0, instance:com.facebook_tests.LoginTest@6379eb]" started-at="2024-09-15T12:44:53 EDT" name="openFacebook" finished-at="2024-09-15T12:44:57 EDT" duration-ms="3942" status="PASS">
          <reporter-output>
          </reporter-output>
        </test-method> <!-- openFacebook -->
        <test-method signature="validLoginTest()[pri:0, instance:com.facebook_tests.LoginTest@6379eb]" started-at="2024-09-15T12:44:57 EDT" name="validLoginTest" finished-at="2024-09-15T12:44:57 EDT" duration-ms="514" status="PASS">
          <reporter-output>
          </reporter-output>
        </test-method> <!-- validLoginTest -->
      </class> <!-- com.facebook_tests.LoginTest -->
    </test> <!-- Default test -->
  </suite> <!-- Default suite -->
</testng-results>
